<?xml version="1.0" encoding="UTF-8"?>
<testsuite name="wallet.WalletTest" tests="1" skipped="0" failures="0" errors="0" timestamp="2021-02-07T15:09:54" hostname="Sudhiras-MacBook-Pro.local" time="0.013">
  <properties/>
  <testcase name="shouldAddMoneyToTheWallet()" classname="wallet.WalletTest" time="0.013"/>
  <system-out><![CDATA[]]></system-out>
  <system-err><![CDATA[]]></system-err>
</testsuite>
